<?xml version="1.0" encoding="UTF-8"?>
<!-- Generated by org.testng.reporters.JUnitReportReporter -->
<testsuite skipped="0" hostname="VJ22" name="com.hp.TestProject.SearchProduct" tests="1" failures="0" timestamp="08 Sep 2017 04:59:37 GMT" time="43.485" errors="0">
  <testcase name="launchBrowser" time="43.485" classname="com.hp.TestProject.SearchProduct"/>
</testsuite> <!-- com.hp.TestProject.SearchProduct -->
