<?xml version="1.0" encoding="UTF-8"?>
<!-- Generated by org.testng.reporters.JUnitReportReporter -->
<testsuite skipped="0" hostname="VJ22" name="com.hp.TestProject.Simulation" tests="1" failures="0" timestamp="28 Aug 2017 09:38:06 GMT" time="61.893" errors="0">
  <testcase name="simulation" time="61.893" classname="com.hp.TestProject.Simulation"/>
</testsuite> <!-- com.hp.TestProject.Simulation -->
