<?xml version="1.0" encoding="UTF-8"?>
<!-- Generated by org.testng.reporters.JUnitReportReporter -->
<testsuite skipped="0" hostname="VJ22" name="com.hp.TestProject.NewPartnerReg" tests="1" failures="0" timestamp="09 Aug 2017 10:53:06 GMT" time="45.260" errors="0">
  <testcase name="launchBrowser" time="45.260" classname="com.hp.TestProject.NewPartnerReg"/>
</testsuite> <!-- com.hp.TestProject.NewPartnerReg -->
