<?xml version="1.0" encoding="UTF-8"?>
<!-- Generated by org.testng.reporters.JUnitReportReporter -->
<testsuite skipped="0" hostname="VJ22" name="com.hp.TestProject.WebContentSearch" tests="1" failures="0" timestamp="02 Jun 2017 09:35:14 GMT" time="65.580" errors="0">
  <testcase name="launchBrowser" time="65.580" classname="com.hp.TestProject.WebContentSearch"/>
</testsuite> <!-- com.hp.TestProject.WebContentSearch -->
