<?xml version="1.0" encoding="UTF-8"?>
<!-- Generated by org.testng.reporters.JUnitReportReporter -->
<testsuite skipped="0" hostname="VJ22" name="com.hp.TestProject.FirefoxgeckoDriverTest" tests="1" failures="0" timestamp="12 Jun 2017 15:01:04 GMT" time="42.723" errors="0">
  <testcase name="launchBrowser" time="42.723" classname="com.hp.TestProject.FirefoxgeckoDriverTest"/>
</testsuite> <!-- com.hp.TestProject.FirefoxgeckoDriverTest -->
