<?xml version="1.0" encoding="UTF-8"?>
<!-- Generated by org.testng.reporters.JUnitReportReporter -->
<testsuite skipped="0" hostname="VJ22" name="com.hp.TestProject.FirefoxgeckoDriver" tests="1" failures="0" timestamp="24 May 2017 06:47:18 GMT" time="52.018" errors="0">
  <testcase name="launchBrowser" time="52.018" classname="com.hp.TestProject.FirefoxgeckoDriver"/>
</testsuite> <!-- com.hp.TestProject.FirefoxgeckoDriver -->
