<?xml version="1.0" encoding="UTF-8"?>
<!-- Generated by org.testng.reporters.JUnitReportReporter -->
<testsuite skipped="0" hostname="VJ22" name="com.hp.TestProject.SearchWebContent" tests="1" failures="0" timestamp="09 Jun 2017 04:54:32 GMT" time="71.969" errors="0">
  <testcase name="launchBrowser" time="71.969" classname="com.hp.TestProject.SearchWebContent"/>
</testsuite> <!-- com.hp.TestProject.SearchWebContent -->
