<?xml version="1.0" encoding="UTF-8"?>
<!-- Generated by org.testng.reporters.JUnitReportReporter -->
<testsuite skipped="0" hostname="VJ22" name="com.hp.TestProject.SearchUser" tests="1" failures="0" timestamp="21 Jun 2017 05:01:35 GMT" time="91.740" errors="0">
  <testcase name="launchBrowser" time="91.740" classname="com.hp.TestProject.SearchUser"/>
</testsuite> <!-- com.hp.TestProject.SearchUser -->
