<?xml version="1.0" encoding="UTF-8"?>
<!-- Generated by org.testng.reporters.JUnitReportReporter -->
<testsuite skipped="0" hostname="VJ22" name="com.hp.TestProject.SearchDM" tests="1" failures="0" timestamp="09 Jun 2017 05:05:19 GMT" time="81.718" errors="0">
  <testcase name="launchBrowser" time="81.718" classname="com.hp.TestProject.SearchDM"/>
</testsuite> <!-- com.hp.TestProject.SearchDM -->
