<?xml version="1.0" encoding="UTF-8"?>
<!-- Generated by org.testng.reporters.JUnitReportReporter -->
<testsuite skipped="0" hostname="VJ22" name="com.hp.TestProject.EditUser" tests="1" failures="0" timestamp="23 Aug 2017 15:55:53 GMT" time="140.154" errors="0">
  <testcase name="launchBrowser" time="140.154" classname="com.hp.TestProject.EditUser"/>
</testsuite> <!-- com.hp.TestProject.EditUser -->
