<?xml version="1.0" encoding="UTF-8"?>
<!-- Generated by org.testng.reporters.JUnitReportReporter -->
<testsuite skipped="0" hostname="VJ22" name="com.hp.TestProject.CreateDefect" tests="1" failures="0" timestamp="05 Jul 2017 08:33:27 GMT" time="13.999" errors="0">
  <testcase name="Create_Defect" time="13.999" classname="com.hp.TestProject.CreateDefect"/>
</testsuite> <!-- com.hp.TestProject.CreateDefect -->
