<?xml version="1.0" encoding="UTF-8"?>
<!-- Generated by org.testng.reporters.JUnitReportReporter -->
<testsuite skipped="0" hostname="VJ22" name="com.hp.TestProject.CRM" tests="1" failures="0" timestamp="06 Sep 2017 10:20:28 GMT" time="44.724" errors="0">
  <testcase name="NewPartnerReg" time="44.724" classname="com.hp.TestProject.CRM"/>
</testsuite> <!-- com.hp.TestProject.CRM -->
