<?xml version="1.0" encoding="UTF-8"?>
<!-- Generated by org.testng.reporters.JUnitReportReporter -->
<testsuite skipped="0" hostname="VJ22" name="com.hp.TestProject.DynamicsCRM" tests="1" failures="0" timestamp="21 Aug 2017 05:08:28 GMT" time="341.270" errors="0">
  <testcase name="NewPartnerReg" time="341.270" classname="com.hp.TestProject.DynamicsCRM"/>
</testsuite> <!-- com.hp.TestProject.DynamicsCRM -->
