<?xml version="1.0" encoding="UTF-8"?>
<!-- Generated by org.testng.reporters.JUnitReportReporter -->
<testsuite skipped="0" hostname="VJ22" name="com.hp.TestProject.UserSimulation" tests="1" failures="0" timestamp="14 Jul 2017 06:10:13 GMT" time="472.308" errors="0">
  <testcase name="Simulation" time="472.308" classname="com.hp.TestProject.UserSimulation"/>
</testsuite> <!-- com.hp.TestProject.UserSimulation -->
